#At time x process y state arr w total z remain y wait k
At time 8 process 1 started arr 8 total 23 remain 23 wait 0
At time 11 process 1 stopped arr 8 total 23 remain 20 wait 0
At time 11 process 2 started arr 11 total 16 remain 16 wait 0
At time 13 process 2 stopped arr 11 total 16 remain 14 wait 0
At time 13 process 3 started arr 13 total 12 remain 12 wait 0
At time 25 process 3 finished arr 13 total 12 remain 0 wait 0 TA 12 WTA 0.00 
At time 25 process 5 started arr 25 total 8 remain 8 wait 0
At time 33 process 5 finished arr 25 total 8 remain 0 wait 0 TA 8 WTA 0.00 
At time 33 process 2 resumed arr 11 total 16 remain 14 wait 0
At time 34 process 2 stopped arr 11 total 16 remain 13 wait 0
At time 34 process 6 started arr 34 total 2 remain 2 wait 0
At time 36 process 6 finished arr 34 total 2 remain 0 wait 0 TA 2 WTA 0.00 
At time 36 process 2 resumed arr 11 total 16 remain 13 wait 0
At time 40 process 2 stopped arr 11 total 16 remain 9 wait 0
At time 40 process 7 started arr 40 total 6 remain 6 wait 0
At time 46 process 7 finished arr 40 total 6 remain 0 wait 0 TA 6 WTA 0.00 
At time 46 process 8 started arr 43 total 1 remain 1 wait 3
At time 47 process 8 finished arr 43 total 1 remain 0 wait 3 TA 4 WTA 3.00 
At time 47 process 2 resumed arr 11 total 16 remain 9 wait 0
At time 56 process 2 finished arr 11 total 16 remain 0 wait 0 TA 45 WTA 0.00 
At time 56 process 1 resumed arr 8 total 23 remain 20 wait 0
At time 59 process 1 stopped arr 8 total 23 remain 17 wait 0
At time 59 process 10 started arr 59 total 6 remain 6 wait 0
At time 65 process 10 finished arr 59 total 6 remain 0 wait 0 TA 6 WTA 0.00 
At time 65 process 1 resumed arr 8 total 23 remain 17 wait 0
At time 82 process 1 finished arr 8 total 23 remain 0 wait 0 TA 74 WTA 0.00 
At time 82 process 4 started arr 18 total 25 remain 25 wait 64
At time 107 process 4 finished arr 18 total 25 remain 0 wait 64 TA 89 WTA 2.56 
At time 107 process 9 started arr 51 total 28 remain 28 wait 56
At time 135 process 9 finished arr 51 total 28 remain 0 wait 56 TA 84 WTA 2.00 
